Running: C:\Xilinx\14.7\ISE_DS\ISE\bin\nt\unwrapped\fuse.exe -intstyle ise -incremental -o C:/Users/JAIME DIAZ/Desktop/PROGRAMAS BASYS 2/decodificador3a8/simuladeco_isim_beh.exe -prj C:/Users/JAIME DIAZ/Desktop/PROGRAMAS BASYS 2/decodificador3a8/simuladeco_beh.prj work.simuladeco 
ISim P.20131013 (signature 0x8ef4fb42)
Number of CPUs detected in this system: 2
Turning on mult-threading, number of parallel sub-compilation jobs: 4 
Determining compilation order of HDL files
Parsing VHDL file "C:/Users/JAIME DIAZ/Desktop/PROGRAMAS BASYS 2/decodificador3a8/compu.vhd" into library work
Parsing VHDL file "C:/Users/JAIME DIAZ/Desktop/PROGRAMAS BASYS 2/decodificador3a8/simuladeco.vhd" into library work
Starting static elaboration
Completed static elaboration
Fuse Memory Usage: 107204 KB
Fuse CPU Usage: 561 ms
Compiling package standard
Compiling package std_logic_1164
Compiling package numeric_std
Compiling package std_logic_arith
Compiling package std_logic_unsigned
Compiling architecture behavioral of entity compu [compu_default]
Compiling architecture behavior of entity simuladeco
Time Resolution for simulation is 1ps.
Waiting for 3 sub-compilation(s) to finish...
Compiled 8 VHDL Units
Built simulation executable C:/Users/JAIME DIAZ/Desktop/PROGRAMAS BASYS 2/decodificador3a8/simuladeco_isim_beh.exe
Fuse Memory Usage: 126068 KB
Fuse CPU Usage: 873 ms
