--------------------------------------------------------------------------------
Release 14.7 Trace  (nt)
Copyright (c) 1995-2013 Xilinx, Inc.  All rights reserved.

C:\Xilinx\14.7\ISE_DS\ISE\bin\nt\unwrapped\trce.exe -intstyle ise -v 3 -s 5 -n
3 -fastpaths -xml BCDa3X3.twx BCDa3X3.ncd -o BCDa3X3.twr BCDa3X3.pcf -ucf
ASIGNACION.ucf

Design file:              BCDa3X3.ncd
Physical constraint file: BCDa3X3.pcf
Device,package,speed:     xc3s100e,cp132,-5 (PRODUCTION 1.27 2013-10-13)
Report level:             verbose report

Environment Variable      Effect 
--------------------      ------ 
NONE                      No environment variables were set
--------------------------------------------------------------------------------

INFO:Timing:2698 - No timing constraints found, doing default enumeration.
INFO:Timing:3412 - To improve timing, see the Timing Closure User Guide (UG612).
INFO:Timing:2752 - To get complete path coverage, use the unconstrained paths 
   option. All paths that are not constrained will be reported in the 
   unconstrained paths section(s) of the report.
INFO:Timing:3339 - The clock-to-out numbers in this timing report are based on 
   a 50 Ohm transmission line loading model.  For the details of this model, 
   and for more information on accounting for different loading conditions, 
   please see the device datasheet.
INFO:Timing:3390 - This architecture does not support a default System Jitter 
   value, please add SYSTEM_JITTER constraint to the UCF to modify the Clock 
   Uncertainty calculation.
INFO:Timing:3389 - This architecture does not support 'Discrete Jitter' and 
   'Phase Error' calculations, these terms will be zero in the Clock 
   Uncertainty calculation.  Please make appropriate modification to 
   SYSTEM_JITTER to account for the unsupported Discrete Jitter and Phase 
   Error.



Data Sheet report:
-----------------
All values displayed in nanoseconds (ns)

Pad to Pad
---------------+---------------+---------+
Source Pad     |Destination Pad|  Delay  |
---------------+---------------+---------+
A<0>           |F<0>           |    7.514|
A<0>           |F<1>           |    7.520|
A<0>           |F<2>           |    7.431|
A<0>           |F<3>           |    7.771|
A<1>           |F<0>           |    6.883|
A<1>           |F<1>           |    6.513|
A<1>           |F<2>           |    6.753|
A<1>           |F<3>           |    6.811|
A<2>           |F<0>           |    6.613|
A<2>           |F<1>           |    6.631|
A<2>           |F<2>           |    6.539|
A<2>           |F<3>           |    6.873|
A<3>           |F<0>           |    7.275|
A<3>           |F<1>           |    7.224|
A<3>           |F<2>           |    7.151|
A<3>           |F<3>           |    7.516|
B<0>           |D<0>           |    8.171|
B<0>           |D<1>           |    8.348|
B<0>           |D<2>           |    8.114|
B<0>           |D<3>           |    7.862|
B<0>           |D<4>           |    8.131|
B<0>           |D<5>           |    8.090|
B<0>           |D<6>           |    7.890|
B<1>           |D<0>           |    7.297|
B<1>           |D<1>           |    7.508|
B<1>           |D<2>           |    7.129|
B<1>           |D<3>           |    7.914|
B<1>           |D<4>           |    7.196|
B<1>           |D<5>           |    8.147|
B<1>           |D<6>           |    6.955|
B<2>           |D<0>           |    7.618|
B<2>           |D<1>           |    7.800|
B<2>           |D<2>           |    7.410|
B<2>           |D<3>           |    7.852|
B<2>           |D<4>           |    7.450|
B<2>           |D<5>           |    8.114|
B<2>           |D<6>           |    7.209|
B<3>           |D<0>           |    7.161|
B<3>           |D<1>           |    7.394|
B<3>           |D<2>           |    7.152|
B<3>           |D<3>           |    7.094|
B<3>           |D<4>           |    7.225|
B<3>           |D<5>           |    7.378|
B<3>           |D<6>           |    6.984|
---------------+---------------+---------+


Analysis completed Mon Apr 27 16:32:14 2015 
--------------------------------------------------------------------------------

Trace Settings:
-------------------------
Trace Settings 

Peak Memory Usage: 110 MB



